Started GET "/" for 127.0.0.1 at 2017-05-28 16:02:35 +0900
  
ActiveRecord::PendingMigrationError (

Migrations are pending. To resolve this issue, run:

        bin/rails db:migrate RAILS_ENV=development

):
  
activerecord (5.0.1) lib/active_record/migration.rb:573:in `check_pending!'
activerecord (5.0.1) lib/active_record/migration.rb:549:in `call'
actionpack (5.0.1) lib/action_dispatch/middleware/callbacks.rb:38:in `block in call'
activesupport (5.0.1) lib/active_support/callbacks.rb:97:in `__run_callbacks__'
activesupport (5.0.1) lib/active_support/callbacks.rb:750:in `_run_call_callbacks'
activesupport (5.0.1) lib/active_support/callbacks.rb:90:in `run_callbacks'
actionpack (5.0.1) lib/action_dispatch/middleware/callbacks.rb:36:in `call'
actionpack (5.0.1) lib/action_dispatch/middleware/executor.rb:12:in `call'
actionpack (5.0.1) lib/action_dispatch/middleware/remote_ip.rb:79:in `call'
actionpack (5.0.1) lib/action_dispatch/middleware/debug_exceptions.rb:49:in `call'
web-console (3.4.0) lib/web_console/middleware.rb:135:in `call_app'
web-console (3.4.0) lib/web_console/middleware.rb:28:in `block in call'
web-console (3.4.0) lib/web_console/middleware.rb:18:in `catch'
web-console (3.4.0) lib/web_console/middleware.rb:18:in `call'
actionpack (5.0.1) lib/action_dispatch/middleware/show_exceptions.rb:31:in `call'
railties (5.0.1) lib/rails/rack/logger.rb:36:in `call_app'
railties (5.0.1) lib/rails/rack/logger.rb:24:in `block in call'
activesupport (5.0.1) lib/active_support/tagged_logging.rb:69:in `block in tagged'
activesupport (5.0.1) lib/active_support/tagged_logging.rb:26:in `tagged'
activesupport (5.0.1) lib/active_support/tagged_logging.rb:69:in `tagged'
railties (5.0.1) lib/rails/rack/logger.rb:24:in `call'
sprockets-rails (3.2.0) lib/sprockets/rails/quiet_assets.rb:13:in `call'
actionpack (5.0.1) lib/action_dispatch/middleware/request_id.rb:24:in `call'
rack (2.0.1) lib/rack/method_override.rb:22:in `call'
rack (2.0.1) lib/rack/runtime.rb:22:in `call'
activesupport (5.0.1) lib/active_support/cache/strategy/local_cache_middleware.rb:28:in `call'
actionpack (5.0.1) lib/action_dispatch/middleware/executor.rb:12:in `call'
actionpack (5.0.1) lib/action_dispatch/middleware/static.rb:136:in `call'
rack (2.0.1) lib/rack/sendfile.rb:111:in `call'
railties (5.0.1) lib/rails/engine.rb:522:in `call'
puma (3.7.0) lib/puma/configuration.rb:226:in `call'
puma (3.7.0) lib/puma/server.rb:578:in `handle_request'
puma (3.7.0) lib/puma/server.rb:415:in `process_client'
puma (3.7.0) lib/puma/server.rb:275:in `block in run'
puma (3.7.0) lib/puma/thread_pool.rb:120:in `block in spawn_thread'
  Rendering /Users/kaito/.rbenv/versions/2.3.1/lib/ruby/gems/2.3.0/gems/actionpack-5.0.1/lib/action_dispatch/middleware/templates/rescues/diagnostics.html.erb within rescues/layout
  Rendering /Users/kaito/.rbenv/versions/2.3.1/lib/ruby/gems/2.3.0/gems/actionpack-5.0.1/lib/action_dispatch/middleware/templates/rescues/_source.html.erb
  Rendered /Users/kaito/.rbenv/versions/2.3.1/lib/ruby/gems/2.3.0/gems/actionpack-5.0.1/lib/action_dispatch/middleware/templates/rescues/_source.html.erb (4.3ms)
  Rendering /Users/kaito/.rbenv/versions/2.3.1/lib/ruby/gems/2.3.0/gems/actionpack-5.0.1/lib/action_dispatch/middleware/templates/rescues/_trace.html.erb
  Rendered /Users/kaito/.rbenv/versions/2.3.1/lib/ruby/gems/2.3.0/gems/actionpack-5.0.1/lib/action_dispatch/middleware/templates/rescues/_trace.html.erb (1.3ms)
  Rendering /Users/kaito/.rbenv/versions/2.3.1/lib/ruby/gems/2.3.0/gems/actionpack-5.0.1/lib/action_dispatch/middleware/templates/rescues/_request_and_response.html.erb
  Rendered /Users/kaito/.rbenv/versions/2.3.1/lib/ruby/gems/2.3.0/gems/actionpack-5.0.1/lib/action_dispatch/middleware/templates/rescues/_request_and_response.html.erb (1.4ms)
  Rendered /Users/kaito/.rbenv/versions/2.3.1/lib/ruby/gems/2.3.0/gems/actionpack-5.0.1/lib/action_dispatch/middleware/templates/rescues/diagnostics.html.erb within rescues/layout (70.6ms)
  [1m[35m (1.1ms)[0m  [1m[35mCREATE TABLE "schema_migrations" ("version" varchar NOT NULL PRIMARY KEY)[0m
  [1m[35m (1.7ms)[0m  [1m[35mCREATE TABLE "ar_internal_metadata" ("key" varchar NOT NULL PRIMARY KEY, "value" varchar, "created_at" datetime NOT NULL, "updated_at" datetime NOT NULL)[0m
  [1m[36mActiveRecord::SchemaMigration Load (0.1ms)[0m  [1m[34mSELECT "schema_migrations".* FROM "schema_migrations"[0m
Migrating to CreatePosts (20170331045923)
  [1m[35m (0.1ms)[0m  [1m[36mbegin transaction[0m
  [1m[35m (0.6ms)[0m  [1m[35mCREATE TABLE "posts" ("id" INTEGER PRIMARY KEY AUTOINCREMENT NOT NULL, "content" text, "created_at" datetime NOT NULL, "updated_at" datetime NOT NULL)[0m
  [1m[35mSQL (0.2ms)[0m  [1m[32mINSERT INTO "schema_migrations" ("version") VALUES (?)[0m  [["version", "20170331045923"]]
  [1m[35m (3.8ms)[0m  [1m[36mcommit transaction[0m
Migrating to CreateUsers (20170418070645)
  [1m[35m (0.2ms)[0m  [1m[36mbegin transaction[0m
  [1m[35m (0.9ms)[0m  [1m[35mCREATE TABLE "users" ("id" INTEGER PRIMARY KEY AUTOINCREMENT NOT NULL, "name" varchar, "email" varchar, "created_at" datetime NOT NULL, "updated_at" datetime NOT NULL)[0m
  [1m[35mSQL (0.2ms)[0m  [1m[32mINSERT INTO "schema_migrations" ("version") VALUES (?)[0m  [["version", "20170418070645"]]
  [1m[35m (1.5ms)[0m  [1m[36mcommit transaction[0m
Migrating to AddImageNameToUsers (20170427063848)
  [1m[35m (0.1ms)[0m  [1m[36mbegin transaction[0m
  [1m[35m (0.8ms)[0m  [1m[35mALTER TABLE "users" ADD "image_name" varchar[0m
  [1m[35mSQL (14.2ms)[0m  [1m[32mINSERT INTO "schema_migrations" ("version") VALUES (?)[0m  [["version", "20170427063848"]]
  [1m[35m (6.5ms)[0m  [1m[36mcommit transaction[0m
Migrating to AddPasswordToUsers (20170522012737)
  [1m[35m (0.3ms)[0m  [1m[36mbegin transaction[0m
  [1m[35m (0.1ms)[0m  [1m[31mrollback transaction[0m
  [1m[36mActiveRecord::SchemaMigration Load (0.2ms)[0m  [1m[34mSELECT "schema_migrations".* FROM "schema_migrations"[0m
Migrating to AddPasswordToUsers (20170522012737)
  [1m[35m (0.1ms)[0m  [1m[36mbegin transaction[0m
  [1m[35m (0.6ms)[0m  [1m[35mALTER TABLE "users" ADD "password" varchar[0m
  [1m[35mSQL (0.4ms)[0m  [1m[32mINSERT INTO "schema_migrations" ("version") VALUES (?)[0m  [["version", "20170522012737"]]
  [1m[35m (0.6ms)[0m  [1m[36mcommit transaction[0m
  [1m[36mActiveRecord::InternalMetadata Load (0.5ms)[0m  [1m[34mSELECT  "ar_internal_metadata".* FROM "ar_internal_metadata" WHERE "ar_internal_metadata"."key" = ? LIMIT ?[0m  [["key", :environment], ["LIMIT", 1]]
  [1m[35m (0.1ms)[0m  [1m[36mbegin transaction[0m
  [1m[35mSQL (0.8ms)[0m  [1m[32mINSERT INTO "ar_internal_metadata" ("key", "value", "created_at", "updated_at") VALUES (?, ?, ?, ?)[0m  [["key", "environment"], ["value", "development"], ["created_at", 2017-05-28 07:04:31 UTC], ["updated_at", 2017-05-28 07:04:31 UTC]]
  [1m[35m (2.2ms)[0m  [1m[36mcommit transaction[0m
  [1m[36mActiveRecord::SchemaMigration Load (1.6ms)[0m  [1m[34mSELECT "schema_migrations".* FROM "schema_migrations"[0m
Started GET "/" for 127.0.0.1 at 2017-05-28 16:04:42 +0900
  [1m[36mActiveRecord::SchemaMigration Load (0.1ms)[0m  [1m[34mSELECT "schema_migrations".* FROM "schema_migrations"[0m
Processing by HomeController#top as HTML
  [1m[36mUser Load (0.2ms)[0m  [1m[34mSELECT  "users".* FROM "users" WHERE "users"."id" IS NULL LIMIT ?[0m  [["LIMIT", 1]]
  Rendering home/top.html.erb within layouts/application
  Rendered home/top.html.erb within layouts/application (0.4ms)
Completed 200 OK in 664ms (Views: 642.2ms | ActiveRecord: 0.4ms)


Started GET "/" for 127.0.0.1 at 2017-05-28 16:09:13 +0900
Processing by HomeController#top as HTML
  [1m[36mUser Load (0.5ms)[0m  [1m[34mSELECT  "users".* FROM "users" WHERE "users"."id" IS NULL LIMIT ?[0m  [["LIMIT", 1]]
  Rendering home/top.html.erb within layouts/application
  Rendered home/top.html.erb within layouts/application (0.8ms)
Completed 200 OK in 38ms (Views: 26.5ms | ActiveRecord: 0.5ms)


Started GET "/signup" for 127.0.0.1 at 2017-05-28 16:22:44 +0900
Processing by UsersController#new as HTML
  [1m[36mUser Load (0.3ms)[0m  [1m[34mSELECT  "users".* FROM "users" WHERE "users"."id" IS NULL LIMIT ?[0m  [["LIMIT", 1]]
  Rendering users/new.html.erb within layouts/application
  Rendered users/new.html.erb within layouts/application (1.4ms)
Completed 200 OK in 42ms (Views: 28.1ms | ActiveRecord: 1.1ms)


Started GET "/login" for 127.0.0.1 at 2017-05-28 16:22:45 +0900
Processing by UsersController#login_form as HTML
  [1m[36mUser Load (0.4ms)[0m  [1m[34mSELECT  "users".* FROM "users" WHERE "users"."id" IS NULL LIMIT ?[0m  [["LIMIT", 1]]
  Rendering users/login_form.html.erb within layouts/application
  Rendered users/login_form.html.erb within layouts/application (2.1ms)
Completed 200 OK in 39ms (Views: 34.2ms | ActiveRecord: 0.4ms)


Started GET "/about" for 127.0.0.1 at 2017-05-28 16:22:48 +0900
Processing by HomeController#about as HTML
  [1m[36mUser Load (0.2ms)[0m  [1m[34mSELECT  "users".* FROM "users" WHERE "users"."id" IS NULL LIMIT ?[0m  [["LIMIT", 1]]
  Rendering home/about.html.erb within layouts/application
  Rendered home/about.html.erb within layouts/application (0.9ms)
Completed 200 OK in 43ms (Views: 40.3ms | ActiveRecord: 0.2ms)


Started GET "/signup" for 127.0.0.1 at 2017-05-28 16:22:49 +0900
Processing by UsersController#new as HTML
  [1m[36mUser Load (0.3ms)[0m  [1m[34mSELECT  "users".* FROM "users" WHERE "users"."id" IS NULL LIMIT ?[0m  [["LIMIT", 1]]
  Rendering users/new.html.erb within layouts/application
  Rendered users/new.html.erb within layouts/application (1.7ms)
Completed 200 OK in 57ms (Views: 52.1ms | ActiveRecord: 0.3ms)


Started GET "/login" for 127.0.0.1 at 2017-05-28 16:22:50 +0900
Processing by UsersController#login_form as HTML
  [1m[36mUser Load (0.2ms)[0m  [1m[34mSELECT  "users".* FROM "users" WHERE "users"."id" IS NULL LIMIT ?[0m  [["LIMIT", 1]]
  Rendering users/login_form.html.erb within layouts/application
  Rendered users/login_form.html.erb within layouts/application (2.3ms)
Completed 200 OK in 40ms (Views: 35.6ms | ActiveRecord: 0.2ms)


Started POST "/login" for 127.0.0.1 at 2017-05-28 16:23:12 +0900
Processing by UsersController#login as HTML
  Parameters: {"utf8"=>"✓", "authenticity_token"=>"0lvL2bkq9gtaUE9QfVOD6YsxyXW//DNGhA8HpQzDUgXqRqrr/wrZlIfo8oYq/meLq5FacSTP27yUi0S+PfI8Xw==", "email"=>"kaito@hoge.com", "password"=>"[FILTERED]"}
  [1m[36mUser Load (0.2ms)[0m  [1m[34mSELECT  "users".* FROM "users" WHERE "users"."id" IS NULL LIMIT ?[0m  [["LIMIT", 1]]
  [1m[36mUser Load (0.2ms)[0m  [1m[34mSELECT  "users".* FROM "users" WHERE "users"."email" = ? LIMIT ?[0m  [["email", "kaito@hoge.com"], ["LIMIT", 1]]
  Rendering users/login_form.html.erb within layouts/application
  Rendered users/login_form.html.erb within layouts/application (0.8ms)
Completed 200 OK in 20ms (Views: 15.5ms | ActiveRecord: 0.3ms)


Started GET "/signup" for 127.0.0.1 at 2017-05-28 16:23:14 +0900
Processing by UsersController#new as HTML
  [1m[36mUser Load (0.2ms)[0m  [1m[34mSELECT  "users".* FROM "users" WHERE "users"."id" IS NULL LIMIT ?[0m  [["LIMIT", 1]]
  Rendering users/new.html.erb within layouts/application
  Rendered users/new.html.erb within layouts/application (1.4ms)
Completed 200 OK in 43ms (Views: 39.1ms | ActiveRecord: 0.2ms)


Started GET "/signup" for 127.0.0.1 at 2017-05-28 16:23:53 +0900
Processing by UsersController#new as HTML
  [1m[36mUser Load (0.3ms)[0m  [1m[34mSELECT  "users".* FROM "users" WHERE "users"."id" IS NULL LIMIT ?[0m  [["LIMIT", 1]]
  Rendering users/new.html.erb within layouts/application
  Rendered users/new.html.erb within layouts/application (1.3ms)
Completed 200 OK in 31ms (Views: 24.0ms | ActiveRecord: 0.3ms)


Started POST "/users/create" for 127.0.0.1 at 2017-05-28 16:24:10 +0900
Processing by UsersController#create as HTML
  Parameters: {"utf8"=>"✓", "authenticity_token"=>"nDO5l6+zTcpAnwq0RVah71HWGRl/zDNLPbsGFZJVqjQeAIL55I/bIOYR72uJ2sOLE4dVawPaR8+sz1XcE9cbPQ==", "name"=>"鈴木介翔", "email"=>"suzukikaito@prog-8.com", "password"=>"[FILTERED]"}
  [1m[36mUser Load (0.2ms)[0m  [1m[34mSELECT  "users".* FROM "users" WHERE "users"."id" IS NULL LIMIT ?[0m  [["LIMIT", 1]]
  [1m[35m (0.1ms)[0m  [1m[36mbegin transaction[0m
  [1m[36mUser Exists (0.3ms)[0m  [1m[34mSELECT  1 AS one FROM "users" WHERE "users"."email" = ? LIMIT ?[0m  [["email", "suzukikaito@prog-8.com"], ["LIMIT", 1]]
  [1m[35mSQL (0.3ms)[0m  [1m[32mINSERT INTO "users" ("name", "email", "created_at", "updated_at", "image_name") VALUES (?, ?, ?, ?, ?)[0m  [["name", "鈴木介翔"], ["email", "suzukikaito@prog-8.com"], ["created_at", 2017-05-28 07:24:10 UTC], ["updated_at", 2017-05-28 07:24:10 UTC], ["image_name", "default_user.jpg"]]
  [1m[35m (0.7ms)[0m  [1m[36mcommit transaction[0m
Redirected to http://localhost:3000/users/1?privateIp=172.17.0.7&containerPort=3000&languageName=rails5
Completed 302 Found in 19ms (ActiveRecord: 1.6ms)


Started GET "/users/1?privateIp=172.17.0.7&containerPort=3000&languageName=rails5" for 127.0.0.1 at 2017-05-28 16:24:10 +0900
Processing by UsersController#show as HTML
  Parameters: {"privateIp"=>"172.17.0.7", "containerPort"=>"3000", "languageName"=>"rails5", "id"=>"1"}
  [1m[36mUser Load (0.2ms)[0m  [1m[34mSELECT  "users".* FROM "users" WHERE "users"."id" IS NULL LIMIT ?[0m  [["LIMIT", 1]]
Completed 500 Internal Server Error in 3ms (ActiveRecord: 0.2ms)


  
NoMethodError (undefined method `id' for nil:NilClass):
  
app/controllers/users_controller.rb:84:in `ensure_correct_user'
  Rendering /Users/kaito/.rbenv/versions/2.3.1/lib/ruby/gems/2.3.0/gems/actionpack-5.0.1/lib/action_dispatch/middleware/templates/rescues/diagnostics.html.erb within rescues/layout
  Rendering /Users/kaito/.rbenv/versions/2.3.1/lib/ruby/gems/2.3.0/gems/actionpack-5.0.1/lib/action_dispatch/middleware/templates/rescues/_source.html.erb
  Rendered /Users/kaito/.rbenv/versions/2.3.1/lib/ruby/gems/2.3.0/gems/actionpack-5.0.1/lib/action_dispatch/middleware/templates/rescues/_source.html.erb (7.4ms)
  Rendering /Users/kaito/.rbenv/versions/2.3.1/lib/ruby/gems/2.3.0/gems/actionpack-5.0.1/lib/action_dispatch/middleware/templates/rescues/_trace.html.erb
  Rendered /Users/kaito/.rbenv/versions/2.3.1/lib/ruby/gems/2.3.0/gems/actionpack-5.0.1/lib/action_dispatch/middleware/templates/rescues/_trace.html.erb (2.6ms)
  Rendering /Users/kaito/.rbenv/versions/2.3.1/lib/ruby/gems/2.3.0/gems/actionpack-5.0.1/lib/action_dispatch/middleware/templates/rescues/_request_and_response.html.erb
  Rendered /Users/kaito/.rbenv/versions/2.3.1/lib/ruby/gems/2.3.0/gems/actionpack-5.0.1/lib/action_dispatch/middleware/templates/rescues/_request_and_response.html.erb (1.1ms)
  Rendered /Users/kaito/.rbenv/versions/2.3.1/lib/ruby/gems/2.3.0/gems/actionpack-5.0.1/lib/action_dispatch/middleware/templates/rescues/diagnostics.html.erb within rescues/layout (77.6ms)
Started PUT "/__web_console/repl_sessions/b94a371c4b8969dcb99dfe1c73c32b0a" for 127.0.0.1 at 2017-05-28 16:24:23 +0900
Started PUT "/__web_console/repl_sessions/b94a371c4b8969dcb99dfe1c73c32b0a" for 127.0.0.1 at 2017-05-28 16:24:26 +0900
Started GET "/users/1?privateIp=172.17.0.7&containerPort=3000&languageName=rails5" for 127.0.0.1 at 2017-05-28 16:24:41 +0900
Processing by UsersController#show as HTML
  Parameters: {"privateIp"=>"172.17.0.7", "containerPort"=>"3000", "languageName"=>"rails5", "id"=>"1"}
  [1m[36mUser Load (0.3ms)[0m  [1m[34mSELECT  "users".* FROM "users" WHERE "users"."id" IS NULL LIMIT ?[0m  [["LIMIT", 1]]
Completed 500 Internal Server Error in 4ms (ActiveRecord: 0.3ms)


  
NoMethodError (undefined method `id' for nil:NilClass):
  
app/controllers/users_controller.rb:84:in `ensure_correct_user'
  Rendering /Users/kaito/.rbenv/versions/2.3.1/lib/ruby/gems/2.3.0/gems/actionpack-5.0.1/lib/action_dispatch/middleware/templates/rescues/diagnostics.html.erb within rescues/layout
  Rendering /Users/kaito/.rbenv/versions/2.3.1/lib/ruby/gems/2.3.0/gems/actionpack-5.0.1/lib/action_dispatch/middleware/templates/rescues/_source.html.erb
  Rendered /Users/kaito/.rbenv/versions/2.3.1/lib/ruby/gems/2.3.0/gems/actionpack-5.0.1/lib/action_dispatch/middleware/templates/rescues/_source.html.erb (4.7ms)
  Rendering /Users/kaito/.rbenv/versions/2.3.1/lib/ruby/gems/2.3.0/gems/actionpack-5.0.1/lib/action_dispatch/middleware/templates/rescues/_trace.html.erb
  Rendered /Users/kaito/.rbenv/versions/2.3.1/lib/ruby/gems/2.3.0/gems/actionpack-5.0.1/lib/action_dispatch/middleware/templates/rescues/_trace.html.erb (1.4ms)
  Rendering /Users/kaito/.rbenv/versions/2.3.1/lib/ruby/gems/2.3.0/gems/actionpack-5.0.1/lib/action_dispatch/middleware/templates/rescues/_request_and_response.html.erb
  Rendered /Users/kaito/.rbenv/versions/2.3.1/lib/ruby/gems/2.3.0/gems/actionpack-5.0.1/lib/action_dispatch/middleware/templates/rescues/_request_and_response.html.erb (1.4ms)
  Rendered /Users/kaito/.rbenv/versions/2.3.1/lib/ruby/gems/2.3.0/gems/actionpack-5.0.1/lib/action_dispatch/middleware/templates/rescues/diagnostics.html.erb within rescues/layout (96.0ms)
Started GET "/users/1?privateIp=172.17.0.7&containerPort=3000&languageName=rails5" for 127.0.0.1 at 2017-05-28 16:25:08 +0900
Processing by UsersController#show as HTML
  Parameters: {"privateIp"=>"172.17.0.7", "containerPort"=>"3000", "languageName"=>"rails5", "id"=>"1"}
  [1m[36mUser Load (0.3ms)[0m  [1m[34mSELECT  "users".* FROM "users" WHERE "users"."id" IS NULL LIMIT ?[0m  [["LIMIT", 1]]
Completed 500 Internal Server Error in 6ms (ActiveRecord: 0.5ms)


  
NoMethodError (undefined method `id' for nil:NilClass):
  
app/controllers/users_controller.rb:84:in `ensure_correct_user'
  Rendering /Users/kaito/.rbenv/versions/2.3.1/lib/ruby/gems/2.3.0/gems/actionpack-5.0.1/lib/action_dispatch/middleware/templates/rescues/diagnostics.html.erb within rescues/layout
  Rendering /Users/kaito/.rbenv/versions/2.3.1/lib/ruby/gems/2.3.0/gems/actionpack-5.0.1/lib/action_dispatch/middleware/templates/rescues/_source.html.erb
  Rendered /Users/kaito/.rbenv/versions/2.3.1/lib/ruby/gems/2.3.0/gems/actionpack-5.0.1/lib/action_dispatch/middleware/templates/rescues/_source.html.erb (5.3ms)
  Rendering /Users/kaito/.rbenv/versions/2.3.1/lib/ruby/gems/2.3.0/gems/actionpack-5.0.1/lib/action_dispatch/middleware/templates/rescues/_trace.html.erb
  Rendered /Users/kaito/.rbenv/versions/2.3.1/lib/ruby/gems/2.3.0/gems/actionpack-5.0.1/lib/action_dispatch/middleware/templates/rescues/_trace.html.erb (2.1ms)
  Rendering /Users/kaito/.rbenv/versions/2.3.1/lib/ruby/gems/2.3.0/gems/actionpack-5.0.1/lib/action_dispatch/middleware/templates/rescues/_request_and_response.html.erb
  Rendered /Users/kaito/.rbenv/versions/2.3.1/lib/ruby/gems/2.3.0/gems/actionpack-5.0.1/lib/action_dispatch/middleware/templates/rescues/_request_and_response.html.erb (2.0ms)
  Rendered /Users/kaito/.rbenv/versions/2.3.1/lib/ruby/gems/2.3.0/gems/actionpack-5.0.1/lib/action_dispatch/middleware/templates/rescues/diagnostics.html.erb within rescues/layout (70.1ms)
Started GET "/users/1?privateIp=172.17.0.7&containerPort=3000&languageName=rails5" for 127.0.0.1 at 2017-05-28 16:33:39 +0900
Processing by UsersController#show as HTML
  Parameters: {"privateIp"=>"172.17.0.7", "containerPort"=>"3000", "languageName"=>"rails5", "id"=>"1"}
  [1m[36mUser Load (0.3ms)[0m  [1m[34mSELECT  "users".* FROM "users" WHERE "users"."id" IS NULL LIMIT ?[0m  [["LIMIT", 1]]
Completed 500 Internal Server Error in 5ms (ActiveRecord: 0.4ms)


  
NoMethodError (undefined method `id' for nil:NilClass):
  
app/controllers/users_controller.rb:84:in `ensure_correct_user'
  Rendering /Users/kaito/.rbenv/versions/2.3.1/lib/ruby/gems/2.3.0/gems/actionpack-5.0.1/lib/action_dispatch/middleware/templates/rescues/diagnostics.html.erb within rescues/layout
  Rendering /Users/kaito/.rbenv/versions/2.3.1/lib/ruby/gems/2.3.0/gems/actionpack-5.0.1/lib/action_dispatch/middleware/templates/rescues/_source.html.erb
  Rendered /Users/kaito/.rbenv/versions/2.3.1/lib/ruby/gems/2.3.0/gems/actionpack-5.0.1/lib/action_dispatch/middleware/templates/rescues/_source.html.erb (3.2ms)
  Rendering /Users/kaito/.rbenv/versions/2.3.1/lib/ruby/gems/2.3.0/gems/actionpack-5.0.1/lib/action_dispatch/middleware/templates/rescues/_trace.html.erb
  Rendered /Users/kaito/.rbenv/versions/2.3.1/lib/ruby/gems/2.3.0/gems/actionpack-5.0.1/lib/action_dispatch/middleware/templates/rescues/_trace.html.erb (1.5ms)
  Rendering /Users/kaito/.rbenv/versions/2.3.1/lib/ruby/gems/2.3.0/gems/actionpack-5.0.1/lib/action_dispatch/middleware/templates/rescues/_request_and_response.html.erb
  Rendered /Users/kaito/.rbenv/versions/2.3.1/lib/ruby/gems/2.3.0/gems/actionpack-5.0.1/lib/action_dispatch/middleware/templates/rescues/_request_and_response.html.erb (0.9ms)
  Rendered /Users/kaito/.rbenv/versions/2.3.1/lib/ruby/gems/2.3.0/gems/actionpack-5.0.1/lib/action_dispatch/middleware/templates/rescues/diagnostics.html.erb within rescues/layout (52.3ms)
Started GET "/users/1?privateIp=172.17.0.7&containerPort=3000&languageName=rails5" for 127.0.0.1 at 2017-05-28 16:33:41 +0900
Processing by UsersController#show as HTML
  Parameters: {"privateIp"=>"172.17.0.7", "containerPort"=>"3000", "languageName"=>"rails5", "id"=>"1"}
  [1m[36mUser Load (0.3ms)[0m  [1m[34mSELECT  "users".* FROM "users" WHERE "users"."id" IS NULL LIMIT ?[0m  [["LIMIT", 1]]
Completed 500 Internal Server Error in 5ms (ActiveRecord: 0.3ms)


  
NoMethodError (undefined method `id' for nil:NilClass):
  
app/controllers/users_controller.rb:84:in `ensure_correct_user'
  Rendering /Users/kaito/.rbenv/versions/2.3.1/lib/ruby/gems/2.3.0/gems/actionpack-5.0.1/lib/action_dispatch/middleware/templates/rescues/diagnostics.html.erb within rescues/layout
  Rendering /Users/kaito/.rbenv/versions/2.3.1/lib/ruby/gems/2.3.0/gems/actionpack-5.0.1/lib/action_dispatch/middleware/templates/rescues/_source.html.erb
  Rendered /Users/kaito/.rbenv/versions/2.3.1/lib/ruby/gems/2.3.0/gems/actionpack-5.0.1/lib/action_dispatch/middleware/templates/rescues/_source.html.erb (2.6ms)
  Rendering /Users/kaito/.rbenv/versions/2.3.1/lib/ruby/gems/2.3.0/gems/actionpack-5.0.1/lib/action_dispatch/middleware/templates/rescues/_trace.html.erb
  Rendered /Users/kaito/.rbenv/versions/2.3.1/lib/ruby/gems/2.3.0/gems/actionpack-5.0.1/lib/action_dispatch/middleware/templates/rescues/_trace.html.erb (1.6ms)
  Rendering /Users/kaito/.rbenv/versions/2.3.1/lib/ruby/gems/2.3.0/gems/actionpack-5.0.1/lib/action_dispatch/middleware/templates/rescues/_request_and_response.html.erb
  Rendered /Users/kaito/.rbenv/versions/2.3.1/lib/ruby/gems/2.3.0/gems/actionpack-5.0.1/lib/action_dispatch/middleware/templates/rescues/_request_and_response.html.erb (1.4ms)
  Rendered /Users/kaito/.rbenv/versions/2.3.1/lib/ruby/gems/2.3.0/gems/actionpack-5.0.1/lib/action_dispatch/middleware/templates/rescues/diagnostics.html.erb within rescues/layout (53.1ms)
Started GET "/" for 127.0.0.1 at 2017-05-28 16:33:48 +0900
Processing by HomeController#top as HTML
  [1m[36mUser Load (0.2ms)[0m  [1m[34mSELECT  "users".* FROM "users" WHERE "users"."id" IS NULL LIMIT ?[0m  [["LIMIT", 1]]
  Rendering home/top.html.erb within layouts/application
  Rendered home/top.html.erb within layouts/application (0.4ms)
Completed 200 OK in 24ms (Views: 19.9ms | ActiveRecord: 0.2ms)


Started GET "/login" for 127.0.0.1 at 2017-05-28 16:33:52 +0900
Processing by UsersController#login_form as HTML
  [1m[36mUser Load (0.1ms)[0m  [1m[34mSELECT  "users".* FROM "users" WHERE "users"."id" IS NULL LIMIT ?[0m  [["LIMIT", 1]]
  Rendering users/login_form.html.erb within layouts/application
  Rendered users/login_form.html.erb within layouts/application (1.4ms)
Completed 200 OK in 36ms (Views: 32.9ms | ActiveRecord: 0.1ms)


Started POST "/login" for 127.0.0.1 at 2017-05-28 16:34:01 +0900
Processing by UsersController#login as HTML
  Parameters: {"utf8"=>"✓", "authenticity_token"=>"s5LafKQPjbd6jEJ507Z6oxI3Vsv+/BfMMNC0Khq/jh/LGNtdSXFH6RfwB0Zq6dMyeI4i6ADlHaAG+WqcJAU3TA==", "email"=>"suzukikaito@prog-8.com", "password"=>"[FILTERED]"}
  [1m[36mUser Load (0.2ms)[0m  [1m[34mSELECT  "users".* FROM "users" WHERE "users"."id" IS NULL LIMIT ?[0m  [["LIMIT", 1]]
  [1m[36mUser Load (0.1ms)[0m  [1m[34mSELECT  "users".* FROM "users" WHERE "users"."email" = ? LIMIT ?[0m  [["email", "suzukikaito@prog-8.com"], ["LIMIT", 1]]
  Rendering users/login_form.html.erb within layouts/application
  Rendered users/login_form.html.erb within layouts/application (1.2ms)
Completed 200 OK in 20ms (Views: 13.8ms | ActiveRecord: 0.5ms)


Started POST "/login" for 127.0.0.1 at 2017-05-28 16:36:07 +0900
Processing by UsersController#login as HTML
  Parameters: {"utf8"=>"✓", "authenticity_token"=>"udhnvb+xAHqNWlHA1bK+OQpKJkm93gxFsnq10iQqF9m5Amq3Opr8NqiRaicjYgin5pT6/g26MQfBtB7yVnTQyA==", "email"=>"suzukikaito@prog-8.com", "password"=>"[FILTERED]"}
  [1m[36mUser Load (0.1ms)[0m  [1m[34mSELECT  "users".* FROM "users" WHERE "users"."id" IS NULL LIMIT ?[0m  [["LIMIT", 1]]
  [1m[36mUser Load (0.1ms)[0m  [1m[34mSELECT  "users".* FROM "users" WHERE "users"."email" = ? LIMIT ?[0m  [["email", "suzukikaito@prog-8.com"], ["LIMIT", 1]]
  Rendering users/login_form.html.erb within layouts/application
  Rendered users/login_form.html.erb within layouts/application (1.0ms)
Completed 200 OK in 25ms (Views: 23.7ms | ActiveRecord: 0.2ms)


  [1m[36mUser Load (0.2ms)[0m  [1m[34mSELECT  "users".* FROM "users" ORDER BY "users"."id" ASC LIMIT ?[0m  [["LIMIT", 1]]
  [1m[36mUser Load (0.1ms)[0m  [1m[34mSELECT  "users".* FROM "users" ORDER BY "users"."id" ASC LIMIT ?[0m  [["LIMIT", 1]]
  [1m[35m (0.1ms)[0m  [1m[36mbegin transaction[0m
  [1m[36mUser Exists (0.2ms)[0m  [1m[34mSELECT  1 AS one FROM "users" WHERE "users"."email" = ? AND ("users"."id" != ?) LIMIT ?[0m  [["email", "suzukikaito@prog-8.com"], ["id", 1], ["LIMIT", 1]]
  [1m[35mSQL (0.3ms)[0m  [1m[33mUPDATE "users" SET "password" = ?, "updated_at" = ? WHERE "users"."id" = ?[0m  [["password", "suzukikaito"], ["updated_at", 2017-05-28 07:37:36 UTC], ["id", 1]]
  [1m[35m (1.5ms)[0m  [1m[36mcommit transaction[0m
Started POST "/login" for 127.0.0.1 at 2017-05-28 16:37:41 +0900
Processing by UsersController#login as HTML
  Parameters: {"utf8"=>"✓", "authenticity_token"=>"/Z32UQ084x1UQksr/3vnBue7BVOl8/KwWV3tAz/9uS1NzAIR+q4AG6wQRqkLNlwi7wBEwMIuHdHA0W1Eda5ItQ==", "email"=>"suzukikaito@prog-8.com", "password"=>"[FILTERED]"}
  [1m[36mUser Load (0.3ms)[0m  [1m[34mSELECT  "users".* FROM "users" WHERE "users"."id" IS NULL LIMIT ?[0m  [["LIMIT", 1]]
  [1m[36mUser Load (0.2ms)[0m  [1m[34mSELECT  "users".* FROM "users" WHERE "users"."email" = ? LIMIT ?[0m  [["email", "suzukikaito@prog-8.com"], ["LIMIT", 1]]
Redirected to http://localhost:3000/posts/index?privateIp=172.17.0.7&containerPort=3000&languageName=rails5
Completed 302 Found in 12ms (ActiveRecord: 1.1ms)


Started GET "/posts/index?privateIp=172.17.0.7&containerPort=3000&languageName=rails5" for 127.0.0.1 at 2017-05-28 16:37:41 +0900
Processing by PostsController#index as HTML
  Parameters: {"privateIp"=>"172.17.0.7", "containerPort"=>"3000", "languageName"=>"rails5"}
  [1m[36mUser Load (0.1ms)[0m  [1m[34mSELECT  "users".* FROM "users" WHERE "users"."id" IS NULL LIMIT ?[0m  [["LIMIT", 1]]
Redirected to http://localhost:3000/login?privateIp=172.17.0.7&containerPort=3000&languageName=rails5
Filter chain halted as :authenticate_user rendered or redirected
Completed 302 Found in 8ms (ActiveRecord: 0.1ms)


Started GET "/login?privateIp=172.17.0.7&containerPort=3000&languageName=rails5" for 127.0.0.1 at 2017-05-28 16:37:41 +0900
Processing by UsersController#login_form as HTML
  Parameters: {"privateIp"=>"172.17.0.7", "containerPort"=>"3000", "languageName"=>"rails5"}
  [1m[36mUser Load (0.2ms)[0m  [1m[34mSELECT  "users".* FROM "users" WHERE "users"."id" IS NULL LIMIT ?[0m  [["LIMIT", 1]]
  Rendering users/login_form.html.erb within layouts/application
  Rendered users/login_form.html.erb within layouts/application (0.8ms)
Completed 200 OK in 27ms (Views: 23.2ms | ActiveRecord: 0.2ms)


Started POST "/login" for 127.0.0.1 at 2017-05-28 16:37:51 +0900
Processing by UsersController#login as HTML
  Parameters: {"utf8"=>"✓", "authenticity_token"=>"YVnGWR/7ULTnVJLTIf+Vo9v7AIill/D8MdgvntqpAqAjHdatnrejuNPLTbwhHOcqABMPwXWBUgQMZ3t1JMgknw==", "email"=>"suzukikaito@prog-8.com", "password"=>"[FILTERED]"}
  [1m[36mUser Load (0.1ms)[0m  [1m[34mSELECT  "users".* FROM "users" WHERE "users"."id" IS NULL LIMIT ?[0m  [["LIMIT", 1]]
  [1m[36mUser Load (0.1ms)[0m  [1m[34mSELECT  "users".* FROM "users" WHERE "users"."email" = ? LIMIT ?[0m  [["email", "suzukikaito@prog-8.com"], ["LIMIT", 1]]
Redirected to http://localhost:3000/posts/index?privateIp=172.17.0.7&containerPort=3000&languageName=rails5
Completed 302 Found in 3ms (ActiveRecord: 0.3ms)


Started GET "/posts/index?privateIp=172.17.0.7&containerPort=3000&languageName=rails5" for 127.0.0.1 at 2017-05-28 16:37:51 +0900
Processing by PostsController#index as HTML
  Parameters: {"privateIp"=>"172.17.0.7", "containerPort"=>"3000", "languageName"=>"rails5"}
  [1m[36mUser Load (0.1ms)[0m  [1m[34mSELECT  "users".* FROM "users" WHERE "users"."id" IS NULL LIMIT ?[0m  [["LIMIT", 1]]
Redirected to http://localhost:3000/login?privateIp=172.17.0.7&containerPort=3000&languageName=rails5
Filter chain halted as :authenticate_user rendered or redirected
Completed 302 Found in 2ms (ActiveRecord: 0.1ms)


Started GET "/login?privateIp=172.17.0.7&containerPort=3000&languageName=rails5" for 127.0.0.1 at 2017-05-28 16:37:51 +0900
Processing by UsersController#login_form as HTML
  Parameters: {"privateIp"=>"172.17.0.7", "containerPort"=>"3000", "languageName"=>"rails5"}
  [1m[36mUser Load (0.1ms)[0m  [1m[34mSELECT  "users".* FROM "users" WHERE "users"."id" IS NULL LIMIT ?[0m  [["LIMIT", 1]]
  Rendering users/login_form.html.erb within layouts/application
  Rendered users/login_form.html.erb within layouts/application (0.8ms)
Completed 200 OK in 16ms (Views: 13.6ms | ActiveRecord: 0.1ms)


Started POST "/login" for 127.0.0.1 at 2017-05-28 16:38:27 +0900
Processing by UsersController#login as HTML
  Parameters: {"utf8"=>"✓", "authenticity_token"=>"uUbi6juTOBRwUJjhBKugmd2yD8zRYpnOVT/glo8ilmCH17lBYs7Dcuomal61vAB9I9CjgUCNvrIkuWgj3xftvQ==", "email"=>"suzukikaito@prog-8.com", "password"=>"[FILTERED]"}
  [1m[36mUser Load (0.5ms)[0m  [1m[34mSELECT  "users".* FROM "users" WHERE "users"."id" IS NULL LIMIT ?[0m  [["LIMIT", 1]]
  [1m[36mUser Load (0.2ms)[0m  [1m[34mSELECT  "users".* FROM "users" WHERE "users"."email" = ? LIMIT ?[0m  [["email", "suzukikaito@prog-8.com"], ["LIMIT", 1]]
Completed   in 24578ms (ActiveRecord: 1.2ms)


Started GET "/login" for 127.0.0.1 at 2017-05-28 16:38:58 +0900
  [1m[36mActiveRecord::SchemaMigration Load (0.2ms)[0m  [1m[34mSELECT "schema_migrations".* FROM "schema_migrations"[0m
Processing by UsersController#login_form as HTML
  [1m[36mUser Load (0.3ms)[0m  [1m[34mSELECT  "users".* FROM "users" WHERE "users"."id" IS NULL LIMIT ?[0m  [["LIMIT", 1]]
  Rendering users/login_form.html.erb within layouts/application
  Rendered users/login_form.html.erb within layouts/application (10.4ms)
Completed 200 OK in 345ms (Views: 326.7ms | ActiveRecord: 0.6ms)


Started GET "/signup" for 127.0.0.1 at 2017-05-28 16:44:15 +0900
Started GET "/signup" for 127.0.0.1 at 2017-05-28 16:44:25 +0900
Processing by UsersController#new as HTML
  [1m[36mUser Load (0.3ms)[0m  [1m[34mSELECT  "users".* FROM "users" WHERE "users"."id" IS NULL LIMIT ?[0m  [["LIMIT", 1]]
  Rendering users/new.html.erb within layouts/application
  Rendered users/new.html.erb within layouts/application (1.8ms)
Completed 200 OK in 37ms (Views: 22.2ms | ActiveRecord: 1.0ms)


Processing by UsersController#new as HTML
Started GET "/signup" for 127.0.0.1 at 2017-05-28 16:44:25 +0900
Started GET "/signup" for 127.0.0.1 at 2017-05-28 16:44:25 +0900
Started GET "/signup" for 127.0.0.1 at 2017-05-28 16:44:25 +0900
Processing by UsersController#new as HTML
Processing by UsersController#new as HTML
Processing by UsersController#new as HTML
  [1m[36mUser Load (0.4ms)[0m  [1m[34mSELECT  "users".* FROM "users" WHERE "users"."id" IS NULL LIMIT ?[0m  [["LIMIT", 1]]
  [1m[36mUser Load (0.3ms)[0m  [1m[34mSELECT  "users".* FROM "users" WHERE "users"."id" IS NULL LIMIT ?[0m  [["LIMIT", 1]]
  [1m[36mUser Load (0.2ms)[0m  [1m[34mSELECT  "users".* FROM "users" WHERE "users"."id" IS NULL LIMIT ?[0m  [["LIMIT", 1]]
  [1m[36mUser Load (0.2ms)[0m  [1m[34mSELECT  "users".* FROM "users" WHERE "users"."id" IS NULL LIMIT ?[0m  [["LIMIT", 1]]
  Rendering users/new.html.erb within layouts/application
  Rendered users/new.html.erb within layouts/application (1.4ms)
  Rendering users/new.html.erb within layouts/application
  Rendered users/new.html.erb within layouts/application (0.5ms)
  Rendering users/new.html.erb within layouts/application
  Rendered users/new.html.erb within layouts/application (2.0ms)
  Rendering users/new.html.erb within layouts/application
  Rendered users/new.html.erb within layouts/application (0.4ms)
Completed 200 OK in 117ms (Views: 77.3ms | ActiveRecord: 0.9ms)


Completed 200 OK in 139ms (Views: 117.1ms | ActiveRecord: 0.3ms)


Completed 200 OK in 161ms (Views: 120.2ms | ActiveRecord: 0.2ms)


Completed 200 OK in 168ms (Views: 145.4ms | ActiveRecord: 0.2ms)


Started POST "/users/create" for 127.0.0.1 at 2017-05-28 16:44:33 +0900
Processing by UsersController#create as HTML
  Parameters: {"utf8"=>"✓", "authenticity_token"=>"0b9V6fylYr59s61wGOiqAj0NMNgUSKuJI25d6RBnliX6EIy635t3q6UfMxjOPlbUCbgx5n9FA8vHZiQbWhek1g==", "name"=>"hoge", "email"=>"kaito@hoge.com", "password"=>"[FILTERED]"}
  [1m[36mUser Load (0.1ms)[0m  [1m[34mSELECT  "users".* FROM "users" WHERE "users"."id" IS NULL LIMIT ?[0m  [["LIMIT", 1]]
  [1m[35m (0.1ms)[0m  [1m[36mbegin transaction[0m
  [1m[36mUser Exists (0.2ms)[0m  [1m[34mSELECT  1 AS one FROM "users" WHERE "users"."email" = ? LIMIT ?[0m  [["email", "kaito@hoge.com"], ["LIMIT", 1]]
  [1m[35mSQL (0.5ms)[0m  [1m[32mINSERT INTO "users" ("name", "email", "created_at", "updated_at", "image_name", "password") VALUES (?, ?, ?, ?, ?, ?)[0m  [["name", "hoge"], ["email", "kaito@hoge.com"], ["created_at", 2017-05-28 07:44:33 UTC], ["updated_at", 2017-05-28 07:44:33 UTC], ["image_name", "default_user.jpg"], ["password", "password"]]
  [1m[35m (1.6ms)[0m  [1m[36mcommit transaction[0m
Redirected to http://localhost:3000/users/2?privateIp=172.17.0.7&containerPort=3000&languageName=rails5
Completed 302 Found in 16ms (ActiveRecord: 2.5ms)


Started GET "/users/2?privateIp=172.17.0.7&containerPort=3000&languageName=rails5" for 127.0.0.1 at 2017-05-28 16:44:33 +0900
Processing by UsersController#show as HTML
  Parameters: {"privateIp"=>"172.17.0.7", "containerPort"=>"3000", "languageName"=>"rails5", "id"=>"2"}
  [1m[36mUser Load (0.2ms)[0m  [1m[34mSELECT  "users".* FROM "users" WHERE "users"."id" IS NULL LIMIT ?[0m  [["LIMIT", 1]]
Completed 500 Internal Server Error in 3ms (ActiveRecord: 0.2ms)


  
NoMethodError (undefined method `id' for nil:NilClass):
  
app/controllers/users_controller.rb:82:in `ensure_correct_user'
  Rendering /Users/kaito/.rbenv/versions/2.3.1/lib/ruby/gems/2.3.0/gems/actionpack-5.0.1/lib/action_dispatch/middleware/templates/rescues/diagnostics.html.erb within rescues/layout
  Rendering /Users/kaito/.rbenv/versions/2.3.1/lib/ruby/gems/2.3.0/gems/actionpack-5.0.1/lib/action_dispatch/middleware/templates/rescues/_source.html.erb
  Rendered /Users/kaito/.rbenv/versions/2.3.1/lib/ruby/gems/2.3.0/gems/actionpack-5.0.1/lib/action_dispatch/middleware/templates/rescues/_source.html.erb (5.9ms)
  Rendering /Users/kaito/.rbenv/versions/2.3.1/lib/ruby/gems/2.3.0/gems/actionpack-5.0.1/lib/action_dispatch/middleware/templates/rescues/_trace.html.erb
  Rendered /Users/kaito/.rbenv/versions/2.3.1/lib/ruby/gems/2.3.0/gems/actionpack-5.0.1/lib/action_dispatch/middleware/templates/rescues/_trace.html.erb (1.3ms)
  Rendering /Users/kaito/.rbenv/versions/2.3.1/lib/ruby/gems/2.3.0/gems/actionpack-5.0.1/lib/action_dispatch/middleware/templates/rescues/_request_and_response.html.erb
  Rendered /Users/kaito/.rbenv/versions/2.3.1/lib/ruby/gems/2.3.0/gems/actionpack-5.0.1/lib/action_dispatch/middleware/templates/rescues/_request_and_response.html.erb (2.4ms)
  Rendered /Users/kaito/.rbenv/versions/2.3.1/lib/ruby/gems/2.3.0/gems/actionpack-5.0.1/lib/action_dispatch/middleware/templates/rescues/diagnostics.html.erb within rescues/layout (69.1ms)
Started PUT "/__web_console/repl_sessions/de2a87e26832c2e543cd655b84ab3316" for 127.0.0.1 at 2017-05-28 16:45:00 +0900
Started PUT "/__web_console/repl_sessions/de2a87e26832c2e543cd655b84ab3316" for 127.0.0.1 at 2017-05-28 16:45:00 +0900
Started GET "/users/2?privateIp=172.17.0.7&containerPort=3000&languageName=rails5" for 127.0.0.1 at 2017-05-28 16:45:46 +0900
Processing by UsersController#show as HTML
  Parameters: {"privateIp"=>"172.17.0.7", "containerPort"=>"3000", "languageName"=>"rails5", "id"=>"2"}
  [1m[36mUser Load (0.3ms)[0m  [1m[34mSELECT  "users".* FROM "users" WHERE "users"."id" IS NULL LIMIT ?[0m  [["LIMIT", 1]]
Completed 500 Internal Server Error in 5ms (ActiveRecord: 0.3ms)


  
NoMethodError (undefined method `id' for nil:NilClass):
  
app/controllers/users_controller.rb:82:in `ensure_correct_user'
  Rendering /Users/kaito/.rbenv/versions/2.3.1/lib/ruby/gems/2.3.0/gems/actionpack-5.0.1/lib/action_dispatch/middleware/templates/rescues/diagnostics.html.erb within rescues/layout
  Rendering /Users/kaito/.rbenv/versions/2.3.1/lib/ruby/gems/2.3.0/gems/actionpack-5.0.1/lib/action_dispatch/middleware/templates/rescues/_source.html.erb
  Rendered /Users/kaito/.rbenv/versions/2.3.1/lib/ruby/gems/2.3.0/gems/actionpack-5.0.1/lib/action_dispatch/middleware/templates/rescues/_source.html.erb (4.2ms)
  Rendering /Users/kaito/.rbenv/versions/2.3.1/lib/ruby/gems/2.3.0/gems/actionpack-5.0.1/lib/action_dispatch/middleware/templates/rescues/_trace.html.erb
  Rendered /Users/kaito/.rbenv/versions/2.3.1/lib/ruby/gems/2.3.0/gems/actionpack-5.0.1/lib/action_dispatch/middleware/templates/rescues/_trace.html.erb (2.4ms)
  Rendering /Users/kaito/.rbenv/versions/2.3.1/lib/ruby/gems/2.3.0/gems/actionpack-5.0.1/lib/action_dispatch/middleware/templates/rescues/_request_and_response.html.erb
  Rendered /Users/kaito/.rbenv/versions/2.3.1/lib/ruby/gems/2.3.0/gems/actionpack-5.0.1/lib/action_dispatch/middleware/templates/rescues/_request_and_response.html.erb (1.3ms)
  Rendered /Users/kaito/.rbenv/versions/2.3.1/lib/ruby/gems/2.3.0/gems/actionpack-5.0.1/lib/action_dispatch/middleware/templates/rescues/diagnostics.html.erb within rescues/layout (68.0ms)
Started GET "/users/2" for 127.0.0.1 at 2017-05-28 16:45:50 +0900
Processing by UsersController#show as HTML
  Parameters: {"id"=>"2"}
  [1m[36mUser Load (0.2ms)[0m  [1m[34mSELECT  "users".* FROM "users" WHERE "users"."id" IS NULL LIMIT ?[0m  [["LIMIT", 1]]
Completed 500 Internal Server Error in 3ms (ActiveRecord: 0.2ms)


  
NoMethodError (undefined method `id' for nil:NilClass):
  
app/controllers/users_controller.rb:82:in `ensure_correct_user'
  Rendering /Users/kaito/.rbenv/versions/2.3.1/lib/ruby/gems/2.3.0/gems/actionpack-5.0.1/lib/action_dispatch/middleware/templates/rescues/diagnostics.html.erb within rescues/layout
  Rendering /Users/kaito/.rbenv/versions/2.3.1/lib/ruby/gems/2.3.0/gems/actionpack-5.0.1/lib/action_dispatch/middleware/templates/rescues/_source.html.erb
  Rendered /Users/kaito/.rbenv/versions/2.3.1/lib/ruby/gems/2.3.0/gems/actionpack-5.0.1/lib/action_dispatch/middleware/templates/rescues/_source.html.erb (4.6ms)
  Rendering /Users/kaito/.rbenv/versions/2.3.1/lib/ruby/gems/2.3.0/gems/actionpack-5.0.1/lib/action_dispatch/middleware/templates/rescues/_trace.html.erb
  Rendered /Users/kaito/.rbenv/versions/2.3.1/lib/ruby/gems/2.3.0/gems/actionpack-5.0.1/lib/action_dispatch/middleware/templates/rescues/_trace.html.erb (1.6ms)
  Rendering /Users/kaito/.rbenv/versions/2.3.1/lib/ruby/gems/2.3.0/gems/actionpack-5.0.1/lib/action_dispatch/middleware/templates/rescues/_request_and_response.html.erb
  Rendered /Users/kaito/.rbenv/versions/2.3.1/lib/ruby/gems/2.3.0/gems/actionpack-5.0.1/lib/action_dispatch/middleware/templates/rescues/_request_and_response.html.erb (1.4ms)
  Rendered /Users/kaito/.rbenv/versions/2.3.1/lib/ruby/gems/2.3.0/gems/actionpack-5.0.1/lib/action_dispatch/middleware/templates/rescues/diagnostics.html.erb within rescues/layout (65.0ms)
Started GET "/users/2?privateIp=172.17.0.7&containerPort=3000&languageName=rails5" for 127.0.0.1 at 2017-05-28 16:47:34 +0900
Processing by UsersController#show as HTML
  Parameters: {"privateIp"=>"172.17.0.7", "containerPort"=>"3000", "languageName"=>"rails5", "id"=>"2"}
  [1m[36mUser Load (0.2ms)[0m  [1m[34mSELECT  "users".* FROM "users" WHERE "users"."id" IS NULL LIMIT ?[0m  [["LIMIT", 1]]
Completed 500 Internal Server Error in 3ms (ActiveRecord: 0.2ms)


  
NoMethodError (undefined method `id' for nil:NilClass):
  
app/controllers/users_controller.rb:82:in `ensure_correct_user'
  Rendering /Users/kaito/.rbenv/versions/2.3.1/lib/ruby/gems/2.3.0/gems/actionpack-5.0.1/lib/action_dispatch/middleware/templates/rescues/diagnostics.html.erb within rescues/layout
  Rendering /Users/kaito/.rbenv/versions/2.3.1/lib/ruby/gems/2.3.0/gems/actionpack-5.0.1/lib/action_dispatch/middleware/templates/rescues/_source.html.erb
  Rendered /Users/kaito/.rbenv/versions/2.3.1/lib/ruby/gems/2.3.0/gems/actionpack-5.0.1/lib/action_dispatch/middleware/templates/rescues/_source.html.erb (2.8ms)
  Rendering /Users/kaito/.rbenv/versions/2.3.1/lib/ruby/gems/2.3.0/gems/actionpack-5.0.1/lib/action_dispatch/middleware/templates/rescues/_trace.html.erb
  Rendered /Users/kaito/.rbenv/versions/2.3.1/lib/ruby/gems/2.3.0/gems/actionpack-5.0.1/lib/action_dispatch/middleware/templates/rescues/_trace.html.erb (1.6ms)
  Rendering /Users/kaito/.rbenv/versions/2.3.1/lib/ruby/gems/2.3.0/gems/actionpack-5.0.1/lib/action_dispatch/middleware/templates/rescues/_request_and_response.html.erb
  Rendered /Users/kaito/.rbenv/versions/2.3.1/lib/ruby/gems/2.3.0/gems/actionpack-5.0.1/lib/action_dispatch/middleware/templates/rescues/_request_and_response.html.erb (0.9ms)
  Rendered /Users/kaito/.rbenv/versions/2.3.1/lib/ruby/gems/2.3.0/gems/actionpack-5.0.1/lib/action_dispatch/middleware/templates/rescues/diagnostics.html.erb within rescues/layout (52.8ms)
Started GET "/" for 127.0.0.1 at 2017-05-28 16:47:38 +0900
Processing by HomeController#top as HTML
  [1m[36mUser Load (0.1ms)[0m  [1m[34mSELECT  "users".* FROM "users" WHERE "users"."id" IS NULL LIMIT ?[0m  [["LIMIT", 1]]
  Rendering home/top.html.erb within layouts/application
  Rendered home/top.html.erb within layouts/application (0.4ms)
Completed 200 OK in 17ms (Views: 14.6ms | ActiveRecord: 0.1ms)


Started GET "/login" for 127.0.0.1 at 2017-05-28 16:47:40 +0900
Processing by UsersController#login_form as HTML
  [1m[36mUser Load (0.2ms)[0m  [1m[34mSELECT  "users".* FROM "users" WHERE "users"."id" IS NULL LIMIT ?[0m  [["LIMIT", 1]]
  Rendering users/login_form.html.erb within layouts/application
  Rendered users/login_form.html.erb within layouts/application (1.0ms)
Completed 200 OK in 35ms (Views: 32.2ms | ActiveRecord: 0.2ms)


Started POST "/login" for 127.0.0.1 at 2017-05-28 16:47:41 +0900
Processing by UsersController#login as HTML
  Parameters: {"utf8"=>"✓", "authenticity_token"=>"HDPtcduuIp6gxthMyck+nL5Wv7VkSrsUkeMz79vOq0lqM5nEOmsYeAUbiyTCGtHHY9IRfhaEzY7+j+pgcYucbA==", "email"=>"kaito@hoge.com", "password"=>"[FILTERED]"}
  [1m[36mUser Load (0.2ms)[0m  [1m[34mSELECT  "users".* FROM "users" WHERE "users"."id" IS NULL LIMIT ?[0m  [["LIMIT", 1]]
  [1m[36mUser Load (0.2ms)[0m  [1m[34mSELECT  "users".* FROM "users" WHERE "users"."email" = ? LIMIT ?[0m  [["email", "kaito@hoge.com"], ["LIMIT", 1]]
Redirected to http://localhost:3000/posts/index?privateIp=172.17.0.7&containerPort=3000&languageName=rails5
Completed 302 Found in 5ms (ActiveRecord: 0.4ms)


Started GET "/posts/index?privateIp=172.17.0.7&containerPort=3000&languageName=rails5" for 127.0.0.1 at 2017-05-28 16:47:41 +0900
Processing by PostsController#index as HTML
  Parameters: {"privateIp"=>"172.17.0.7", "containerPort"=>"3000", "languageName"=>"rails5"}
  [1m[36mUser Load (0.2ms)[0m  [1m[34mSELECT  "users".* FROM "users" WHERE "users"."id" IS NULL LIMIT ?[0m  [["LIMIT", 1]]
Redirected to http://localhost:3000/login?privateIp=172.17.0.7&containerPort=3000&languageName=rails5
Filter chain halted as :authenticate_user rendered or redirected
Completed 302 Found in 3ms (ActiveRecord: 0.2ms)


Started GET "/login?privateIp=172.17.0.7&containerPort=3000&languageName=rails5" for 127.0.0.1 at 2017-05-28 16:47:41 +0900
Processing by UsersController#login_form as HTML
  Parameters: {"privateIp"=>"172.17.0.7", "containerPort"=>"3000", "languageName"=>"rails5"}
  [1m[36mUser Load (0.1ms)[0m  [1m[34mSELECT  "users".* FROM "users" WHERE "users"."id" IS NULL LIMIT ?[0m  [["LIMIT", 1]]
  Rendering users/login_form.html.erb within layouts/application
  Rendered users/login_form.html.erb within layouts/application (0.7ms)
Completed 200 OK in 16ms (Views: 13.4ms | ActiveRecord: 0.1ms)


Started POST "/login" for 127.0.0.1 at 2017-05-28 16:47:46 +0900
Processing by UsersController#login as HTML
  Parameters: {"utf8"=>"✓", "authenticity_token"=>"wr0TMqG2Jkyj9J+S+CGq4DuAjKr8oTUiXK6U1W2yaibXn9iK1qnwAG8eoDzdfROrw9n/jMhIPOGxdZcj5iLQKw==", "email"=>"kaito@hoge.com", "password"=>"[FILTERED]"}
  [1m[36mUser Load (0.2ms)[0m  [1m[34mSELECT  "users".* FROM "users" WHERE "users"."id" IS NULL LIMIT ?[0m  [["LIMIT", 1]]
  [1m[36mUser Load (0.1ms)[0m  [1m[34mSELECT  "users".* FROM "users" WHERE "users"."email" = ? LIMIT ?[0m  [["email", "kaito@hoge.com"], ["LIMIT", 1]]
Redirected to http://localhost:3000/posts/index?privateIp=172.17.0.7&containerPort=3000&languageName=rails5
Completed 302 Found in 3ms (ActiveRecord: 0.3ms)


Started GET "/posts/index?privateIp=172.17.0.7&containerPort=3000&languageName=rails5" for 127.0.0.1 at 2017-05-28 16:47:46 +0900
Processing by PostsController#index as HTML
  Parameters: {"privateIp"=>"172.17.0.7", "containerPort"=>"3000", "languageName"=>"rails5"}
  [1m[36mUser Load (0.2ms)[0m  [1m[34mSELECT  "users".* FROM "users" WHERE "users"."id" IS NULL LIMIT ?[0m  [["LIMIT", 1]]
Redirected to http://localhost:3000/login?privateIp=172.17.0.7&containerPort=3000&languageName=rails5
Filter chain halted as :authenticate_user rendered or redirected
Completed 302 Found in 2ms (ActiveRecord: 0.2ms)


Started GET "/login?privateIp=172.17.0.7&containerPort=3000&languageName=rails5" for 127.0.0.1 at 2017-05-28 16:47:46 +0900
Processing by UsersController#login_form as HTML
  Parameters: {"privateIp"=>"172.17.0.7", "containerPort"=>"3000", "languageName"=>"rails5"}
  [1m[36mUser Load (0.1ms)[0m  [1m[34mSELECT  "users".* FROM "users" WHERE "users"."id" IS NULL LIMIT ?[0m  [["LIMIT", 1]]
  Rendering users/login_form.html.erb within layouts/application
  Rendered users/login_form.html.erb within layouts/application (0.8ms)
Completed 200 OK in 18ms (Views: 15.6ms | ActiveRecord: 0.1ms)


Started POST "/login" for 127.0.0.1 at 2017-05-28 16:47:47 +0900
Processing by UsersController#login as HTML
  Parameters: {"utf8"=>"✓", "authenticity_token"=>"5r5fViwvl8VKH5+Vp+giL4p6R3JXgyZCLrYAvHVHduALPYXsnLxXAz6W/S4Gd1IDdOLkI1JFrw6tgNlGzI6Qfw==", "email"=>"kaito@hoge.com", "password"=>"[FILTERED]"}
  [1m[36mUser Load (0.2ms)[0m  [1m[34mSELECT  "users".* FROM "users" WHERE "users"."id" IS NULL LIMIT ?[0m  [["LIMIT", 1]]
  [1m[36mUser Load (0.2ms)[0m  [1m[34mSELECT  "users".* FROM "users" WHERE "users"."email" = ? LIMIT ?[0m  [["email", "kaito@hoge.com"], ["LIMIT", 1]]
Redirected to http://localhost:3000/posts/index?privateIp=172.17.0.7&containerPort=3000&languageName=rails5
Completed 302 Found in 4ms (ActiveRecord: 0.4ms)


Started GET "/posts/index?privateIp=172.17.0.7&containerPort=3000&languageName=rails5" for 127.0.0.1 at 2017-05-28 16:47:47 +0900
Processing by PostsController#index as HTML
  Parameters: {"privateIp"=>"172.17.0.7", "containerPort"=>"3000", "languageName"=>"rails5"}
  [1m[36mUser Load (0.2ms)[0m  [1m[34mSELECT  "users".* FROM "users" WHERE "users"."id" IS NULL LIMIT ?[0m  [["LIMIT", 1]]
Redirected to http://localhost:3000/login?privateIp=172.17.0.7&containerPort=3000&languageName=rails5
Filter chain halted as :authenticate_user rendered or redirected
Completed 302 Found in 3ms (ActiveRecord: 0.2ms)


Started GET "/login?privateIp=172.17.0.7&containerPort=3000&languageName=rails5" for 127.0.0.1 at 2017-05-28 16:47:47 +0900
Processing by UsersController#login_form as HTML
  Parameters: {"privateIp"=>"172.17.0.7", "containerPort"=>"3000", "languageName"=>"rails5"}
  [1m[36mUser Load (0.2ms)[0m  [1m[34mSELECT  "users".* FROM "users" WHERE "users"."id" IS NULL LIMIT ?[0m  [["LIMIT", 1]]
  Rendering users/login_form.html.erb within layouts/application
  Rendered users/login_form.html.erb within layouts/application (0.7ms)
Completed 200 OK in 15ms (Views: 12.5ms | ActiveRecord: 0.2ms)


Started POST "/login" for 127.0.0.1 at 2017-05-28 16:47:48 +0900
Processing by UsersController#login as HTML
  Parameters: {"utf8"=>"✓", "authenticity_token"=>"oxSA9R7SUHGzYg8TdXpz1WXl2lHutZmKOgum1O9qOyS6eKKciJR7pTSpMt4gZAYmrwKdozy4mo2iM+vPvj5JGQ==", "email"=>"kaito@hoge.com", "password"=>"[FILTERED]"}
  [1m[36mUser Load (0.3ms)[0m  [1m[34mSELECT  "users".* FROM "users" WHERE "users"."id" IS NULL LIMIT ?[0m  [["LIMIT", 1]]
  [1m[36mUser Load (0.2ms)[0m  [1m[34mSELECT  "users".* FROM "users" WHERE "users"."email" = ? LIMIT ?[0m  [["email", "kaito@hoge.com"], ["LIMIT", 1]]
Redirected to http://localhost:3000/posts/index?privateIp=172.17.0.7&containerPort=3000&languageName=rails5
Completed 302 Found in 4ms (ActiveRecord: 0.5ms)


Started GET "/posts/index?privateIp=172.17.0.7&containerPort=3000&languageName=rails5" for 127.0.0.1 at 2017-05-28 16:47:48 +0900
Processing by PostsController#index as HTML
  Parameters: {"privateIp"=>"172.17.0.7", "containerPort"=>"3000", "languageName"=>"rails5"}
  [1m[36mUser Load (0.4ms)[0m  [1m[34mSELECT  "users".* FROM "users" WHERE "users"."id" IS NULL LIMIT ?[0m  [["LIMIT", 1]]
Redirected to http://localhost:3000/login?privateIp=172.17.0.7&containerPort=3000&languageName=rails5
Filter chain halted as :authenticate_user rendered or redirected
Completed 302 Found in 4ms (ActiveRecord: 0.4ms)


Started GET "/login?privateIp=172.17.0.7&containerPort=3000&languageName=rails5" for 127.0.0.1 at 2017-05-28 16:47:48 +0900
Processing by UsersController#login_form as HTML
  Parameters: {"privateIp"=>"172.17.0.7", "containerPort"=>"3000", "languageName"=>"rails5"}
  [1m[36mUser Load (0.6ms)[0m  [1m[34mSELECT  "users".* FROM "users" WHERE "users"."id" IS NULL LIMIT ?[0m  [["LIMIT", 1]]
  Rendering users/login_form.html.erb within layouts/application
  Rendered users/login_form.html.erb within layouts/application (1.2ms)
Completed 200 OK in 34ms (Views: 16.5ms | ActiveRecord: 0.6ms)


Started GET "/login" for 127.0.0.1 at 2017-05-28 16:47:59 +0900
Processing by UsersController#login_form as HTML
  [1m[36mUser Load (0.4ms)[0m  [1m[34mSELECT  "users".* FROM "users" WHERE "users"."id" IS NULL LIMIT ?[0m  [["LIMIT", 1]]
  Rendering users/login_form.html.erb within layouts/application
  Rendered users/login_form.html.erb within layouts/application (1.1ms)
Completed 200 OK in 28ms (Views: 23.5ms | ActiveRecord: 0.4ms)


Started POST "/login" for 127.0.0.1 at 2017-05-28 16:48:03 +0900
Processing by UsersController#login as HTML
  Parameters: {"utf8"=>"✓", "authenticity_token"=>"bnbLH9U7q7MKvlmNJ/iUYT2toDyZ6J9UYH635R6nV+icOaFbcswM9sNqYS4s2kXeXZnQ6Ykcjd1oxunECyMuMQ==", "email"=>"kaito@hoge.com", "password"=>"[FILTERED]"}
  [1m[36mUser Load (0.3ms)[0m  [1m[34mSELECT  "users".* FROM "users" WHERE "users"."id" IS NULL LIMIT ?[0m  [["LIMIT", 1]]
  [1m[36mUser Load (0.1ms)[0m  [1m[34mSELECT  "users".* FROM "users" WHERE "users"."email" = ? LIMIT ?[0m  [["email", "kaito@hoge.com"], ["LIMIT", 1]]
Redirected to http://localhost:3000/posts/index?privateIp=172.17.0.7&containerPort=3000&languageName=rails5
Completed 302 Found in 3ms (ActiveRecord: 0.4ms)


Started GET "/posts/index?privateIp=172.17.0.7&containerPort=3000&languageName=rails5" for 127.0.0.1 at 2017-05-28 16:48:03 +0900
Processing by PostsController#index as HTML
  Parameters: {"privateIp"=>"172.17.0.7", "containerPort"=>"3000", "languageName"=>"rails5"}
  [1m[36mUser Load (0.2ms)[0m  [1m[34mSELECT  "users".* FROM "users" WHERE "users"."id" IS NULL LIMIT ?[0m  [["LIMIT", 1]]
Redirected to http://localhost:3000/login?privateIp=172.17.0.7&containerPort=3000&languageName=rails5
Filter chain halted as :authenticate_user rendered or redirected
Completed 302 Found in 2ms (ActiveRecord: 0.2ms)


Started GET "/login?privateIp=172.17.0.7&containerPort=3000&languageName=rails5" for 127.0.0.1 at 2017-05-28 16:48:03 +0900
Processing by UsersController#login_form as HTML
  Parameters: {"privateIp"=>"172.17.0.7", "containerPort"=>"3000", "languageName"=>"rails5"}
  [1m[36mUser Load (0.1ms)[0m  [1m[34mSELECT  "users".* FROM "users" WHERE "users"."id" IS NULL LIMIT ?[0m  [["LIMIT", 1]]
  Rendering users/login_form.html.erb within layouts/application
  Rendered users/login_form.html.erb within layouts/application (0.8ms)
Completed 200 OK in 16ms (Views: 14.2ms | ActiveRecord: 0.1ms)


Started GET "/login" for 127.0.0.1 at 2017-05-28 16:49:09 +0900
Processing by UsersController#login_form as HTML
  [1m[36mUser Load (0.3ms)[0m  [1m[34mSELECT  "users".* FROM "users" WHERE "users"."id" IS NULL LIMIT ?[0m  [["LIMIT", 1]]
  Rendering users/login_form.html.erb within layouts/application
  Rendered users/login_form.html.erb within layouts/application (1.1ms)
Completed 200 OK in 20ms (Views: 16.8ms | ActiveRecord: 0.3ms)


Started POST "/login" for 127.0.0.1 at 2017-05-28 16:49:10 +0900
Processing by UsersController#login as HTML
  Parameters: {"utf8"=>"✓", "authenticity_token"=>"ItFZlBIDCg7AaqL5tHOC2JXFooTknj6yN1ZfWbOamtS6jXfwqSBz5y4pwYteR8iHr1bCu71mRRKyhcfmfRaZrQ==", "email"=>"kaito@hoge.com", "password"=>"[FILTERED]"}
  [1m[36mUser Load (0.2ms)[0m  [1m[34mSELECT  "users".* FROM "users" WHERE "users"."id" IS NULL LIMIT ?[0m  [["LIMIT", 1]]
  [1m[36mUser Load (0.1ms)[0m  [1m[34mSELECT  "users".* FROM "users" WHERE "users"."email" = ? LIMIT ?[0m  [["email", "kaito@hoge.com"], ["LIMIT", 1]]
Redirected to http://localhost:3000/posts/index?privateIp=172.17.0.7&containerPort=3000&languageName=rails5
Completed 302 Found in 3ms (ActiveRecord: 0.3ms)


Started GET "/posts/index?privateIp=172.17.0.7&containerPort=3000&languageName=rails5" for 127.0.0.1 at 2017-05-28 16:49:10 +0900
Processing by PostsController#index as HTML
  Parameters: {"privateIp"=>"172.17.0.7", "containerPort"=>"3000", "languageName"=>"rails5"}
  [1m[36mUser Load (0.1ms)[0m  [1m[34mSELECT  "users".* FROM "users" WHERE "users"."id" IS NULL LIMIT ?[0m  [["LIMIT", 1]]
Redirected to http://localhost:3000/login?privateIp=172.17.0.7&containerPort=3000&languageName=rails5
Filter chain halted as :authenticate_user rendered or redirected
Completed 302 Found in 2ms (ActiveRecord: 0.1ms)


Started GET "/login?privateIp=172.17.0.7&containerPort=3000&languageName=rails5" for 127.0.0.1 at 2017-05-28 16:49:10 +0900
Processing by UsersController#login_form as HTML
  Parameters: {"privateIp"=>"172.17.0.7", "containerPort"=>"3000", "languageName"=>"rails5"}
  [1m[36mUser Load (0.1ms)[0m  [1m[34mSELECT  "users".* FROM "users" WHERE "users"."id" IS NULL LIMIT ?[0m  [["LIMIT", 1]]
  Rendering users/login_form.html.erb within layouts/application
  Rendered users/login_form.html.erb within layouts/application (1.0ms)
Completed 200 OK in 19ms (Views: 17.2ms | ActiveRecord: 0.1ms)


Started GET "/login" for 127.0.0.1 at 2017-05-28 16:49:21 +0900
Processing by UsersController#login_form as HTML
  [1m[36mUser Load (0.2ms)[0m  [1m[34mSELECT  "users".* FROM "users" WHERE "users"."id" IS NULL LIMIT ?[0m  [["LIMIT", 1]]
  Rendering users/login_form.html.erb within layouts/application
  Rendered users/login_form.html.erb within layouts/application (1.3ms)
Completed 200 OK in 35ms (Views: 30.4ms | ActiveRecord: 0.2ms)


Started GET "/login" for 127.0.0.1 at 2017-05-28 16:49:23 +0900
Processing by UsersController#login_form as HTML
  [1m[36mUser Load (0.2ms)[0m  [1m[34mSELECT  "users".* FROM "users" WHERE "users"."id" IS NULL LIMIT ?[0m  [["LIMIT", 1]]
  Rendering users/login_form.html.erb within layouts/application
  Rendered users/login_form.html.erb within layouts/application (1.1ms)
Completed 200 OK in 21ms (Views: 16.1ms | ActiveRecord: 0.2ms)


Started GET "/about" for 127.0.0.1 at 2017-05-28 16:49:25 +0900
Processing by HomeController#about as HTML
  [1m[36mUser Load (0.2ms)[0m  [1m[34mSELECT  "users".* FROM "users" WHERE "users"."id" IS NULL LIMIT ?[0m  [["LIMIT", 1]]
  Rendering home/about.html.erb within layouts/application
  Rendered home/about.html.erb within layouts/application (1.6ms)
Completed 200 OK in 61ms (Views: 57.9ms | ActiveRecord: 0.2ms)


Started GET "/signup" for 127.0.0.1 at 2017-05-28 16:49:26 +0900
Processing by UsersController#new as HTML
  [1m[36mUser Load (0.5ms)[0m  [1m[34mSELECT  "users".* FROM "users" WHERE "users"."id" IS NULL LIMIT ?[0m  [["LIMIT", 1]]
  Rendering users/new.html.erb within layouts/application
  Rendered users/new.html.erb within layouts/application (4.1ms)
Completed 200 OK in 54ms (Views: 49.8ms | ActiveRecord: 0.5ms)


Started GET "/login" for 127.0.0.1 at 2017-05-28 16:49:26 +0900
Processing by UsersController#login_form as HTML
  [1m[36mUser Load (0.3ms)[0m  [1m[34mSELECT  "users".* FROM "users" WHERE "users"."id" IS NULL LIMIT ?[0m  [["LIMIT", 1]]
  Rendering users/login_form.html.erb within layouts/application
  Rendered users/login_form.html.erb within layouts/application (1.7ms)
Completed 200 OK in 74ms (Views: 69.5ms | ActiveRecord: 0.3ms)


Started POST "/login" for 127.0.0.1 at 2017-05-28 16:49:27 +0900
Processing by UsersController#login as HTML
  Parameters: {"utf8"=>"✓", "authenticity_token"=>"JSlHbkoYzJbj3Ys9pK9O654vOihKADYfGlmBv71WBkNSI0jFWMolx8x6KpHbuFdztp4WtbgLkQtDcY3IQ6D6hQ==", "email"=>"kaito@hoge.com", "password"=>"[FILTERED]"}
  [1m[36mUser Load (0.3ms)[0m  [1m[34mSELECT  "users".* FROM "users" WHERE "users"."id" IS NULL LIMIT ?[0m  [["LIMIT", 1]]
  [1m[36mUser Load (0.2ms)[0m  [1m[34mSELECT  "users".* FROM "users" WHERE "users"."email" = ? LIMIT ?[0m  [["email", "kaito@hoge.com"], ["LIMIT", 1]]
Redirected to http://localhost:3000/posts/index?privateIp=172.17.0.7&containerPort=3000&languageName=rails5
Completed 302 Found in 4ms (ActiveRecord: 0.4ms)


Started GET "/posts/index?privateIp=172.17.0.7&containerPort=3000&languageName=rails5" for 127.0.0.1 at 2017-05-28 16:49:27 +0900
Processing by PostsController#index as HTML
  Parameters: {"privateIp"=>"172.17.0.7", "containerPort"=>"3000", "languageName"=>"rails5"}
  [1m[36mUser Load (0.2ms)[0m  [1m[34mSELECT  "users".* FROM "users" WHERE "users"."id" IS NULL LIMIT ?[0m  [["LIMIT", 1]]
Redirected to http://localhost:3000/login?privateIp=172.17.0.7&containerPort=3000&languageName=rails5
Filter chain halted as :authenticate_user rendered or redirected
Completed 302 Found in 2ms (ActiveRecord: 0.2ms)


Started GET "/login?privateIp=172.17.0.7&containerPort=3000&languageName=rails5" for 127.0.0.1 at 2017-05-28 16:49:27 +0900
Processing by UsersController#login_form as HTML
  Parameters: {"privateIp"=>"172.17.0.7", "containerPort"=>"3000", "languageName"=>"rails5"}
  [1m[36mUser Load (0.2ms)[0m  [1m[34mSELECT  "users".* FROM "users" WHERE "users"."id" IS NULL LIMIT ?[0m  [["LIMIT", 1]]
  Rendering users/login_form.html.erb within layouts/application
  Rendered users/login_form.html.erb within layouts/application (3.4ms)
Completed 200 OK in 27ms (Views: 23.2ms | ActiveRecord: 0.2ms)


Started GET "/" for 127.0.0.1 at 2017-05-29 11:55:34 +0900
  [1m[36mActiveRecord::SchemaMigration Load (0.6ms)[0m  [1m[34mSELECT "schema_migrations".* FROM "schema_migrations"[0m
Processing by HomeController#top as HTML
  [1m[36mUser Load (0.4ms)[0m  [1m[34mSELECT  "users".* FROM "users" WHERE "users"."id" IS NULL LIMIT ?[0m  [["LIMIT", 1]]
  Rendering home/top.html.erb within layouts/application
  Rendered home/top.html.erb within layouts/application (1.6ms)
Completed 200 OK in 394ms (Views: 371.1ms | ActiveRecord: 0.6ms)


Started GET "/" for 127.0.0.1 at 2017-05-29 11:55:37 +0900
Processing by HomeController#top as HTML
  [1m[36mUser Load (0.4ms)[0m  [1m[34mSELECT  "users".* FROM "users" WHERE "users"."id" IS NULL LIMIT ?[0m  [["LIMIT", 1]]
  Rendering home/top.html.erb within layouts/application
  Rendered home/top.html.erb within layouts/application (0.3ms)
Completed 200 OK in 22ms (Views: 16.7ms | ActiveRecord: 0.4ms)


Started GET "/" for 127.0.0.1 at 2017-05-29 11:55:42 +0900
Processing by HomeController#top as HTML
  [1m[36mUser Load (0.4ms)[0m  [1m[34mSELECT  "users".* FROM "users" WHERE "users"."id" IS NULL LIMIT ?[0m  [["LIMIT", 1]]
  Rendering home/top.html.erb within layouts/application
  Rendered home/top.html.erb within layouts/application (0.7ms)
Completed 200 OK in 19ms (Views: 15.7ms | ActiveRecord: 0.4ms)


